
Log Entrada : 12:30:02 quinta-feira, 6 de agosto de 2020
  :
  :Atualizando indice...
------------------------------------

Log Entrada : 12:30:03 quinta-feira, 6 de agosto de 2020
  :
  :Processando todos os e-mails...
------------------------------------

Log Entrada : 12:30:03 quinta-feira, 6 de agosto de 2020
  :
  :Atualizando pasta: Caixa de Entrada Qtd itens:960
------------------------------------

Log Entrada : 12:30:08 quinta-feira, 6 de agosto de 2020
  :
  :Atualizando pasta: Itens Enviados Qtd itens:323
------------------------------------

Log Entrada : 12:30:11 quinta-feira, 6 de agosto de 2020
  :
  :Atualizando pasta: Enviados Qtd itens:684
------------------------------------

Log Entrada : 12:30:14 quinta-feira, 6 de agosto de 2020
  :
  :Atualizando pasta: Recebidos Qtd itens:7887
------------------------------------

Log Entrada : 12:31:01 quinta-feira, 6 de agosto de 2020
  :
  :Total de e-mails processados:9269
------------------------------------

Log Entrada : 12:30:03 sexta-feira, 7 de agosto de 2020
  :
  :Atualizando indice...
------------------------------------

Log Entrada : 12:30:03 sexta-feira, 7 de agosto de 2020
  :
  :Processando todos os e-mails...
------------------------------------

Log Entrada : 12:30:17 sexta-feira, 7 de agosto de 2020
  :
  :Atualizando pasta: Caixa de Entrada Qtd itens:1002
------------------------------------

Log Entrada : 12:30:24 sexta-feira, 7 de agosto de 2020
  :
  :Atualizando pasta: Itens Enviados Qtd itens:330
------------------------------------

Log Entrada : 12:30:27 sexta-feira, 7 de agosto de 2020
  :
  :Atualizando pasta: Enviados Qtd itens:684
------------------------------------

Log Entrada : 12:30:37 sexta-feira, 7 de agosto de 2020
  :
  :Atualizando pasta: Recebidos Qtd itens:7887
------------------------------------

Log Entrada : 12:32:48 sexta-feira, 7 de agosto de 2020
  :
  :Total de e-mails processados:8160
------------------------------------

Log Entrada : 12:30:03 segunda-feira, 10 de agosto de 2020
  :
  :Atualizando indice...
------------------------------------

Log Entrada : 12:30:03 segunda-feira, 10 de agosto de 2020
  :
  :Processando todos os e-mails...
------------------------------------

Log Entrada : 12:30:03 segunda-feira, 10 de agosto de 2020
  :
  :Atualizando pasta: Caixa de Entrada Qtd itens:1007
------------------------------------

Log Entrada : 12:30:13 segunda-feira, 10 de agosto de 2020
  :
  :Atualizando pasta: Itens Enviados Qtd itens:330
------------------------------------

Log Entrada : 12:30:16 segunda-feira, 10 de agosto de 2020
  :
  :Atualizando pasta: Enviados Qtd itens:684
------------------------------------

Log Entrada : 12:30:25 segunda-feira, 10 de agosto de 2020
  :
  :Atualizando pasta: Recebidos Qtd itens:7887
------------------------------------

Log Entrada : 12:32:25 segunda-feira, 10 de agosto de 2020
  :
  :Total de e-mails processados:7602
------------------------------------

Log Entrada : 12:30:04 terça-feira, 11 de agosto de 2020
  :
  :Atualizando indice...
------------------------------------

Log Entrada : 12:30:04 terça-feira, 11 de agosto de 2020
  :
  :Processando todos os e-mails...
------------------------------------

Log Entrada : 12:30:06 terça-feira, 11 de agosto de 2020
  :
  :Atualizando pasta: Caixa de Entrada Qtd itens:1041
------------------------------------

Log Entrada : 12:30:17 terça-feira, 11 de agosto de 2020
  :
  :Atualizando pasta: Itens Enviados Qtd itens:338
------------------------------------

Log Entrada : 12:30:20 terça-feira, 11 de agosto de 2020
  :
  :Atualizando pasta: Enviados Qtd itens:684
------------------------------------

Log Entrada : 12:30:29 terça-feira, 11 de agosto de 2020
  :
  :Atualizando pasta: Recebidos Qtd itens:7887
------------------------------------

Log Entrada : 12:32:33 terça-feira, 11 de agosto de 2020
  :
  :Total de e-mails processados:7492
------------------------------------

Log Entrada : 12:30:04 quarta-feira, 12 de agosto de 2020
  :
  :Atualizando indice...
------------------------------------

Log Entrada : 12:30:04 quarta-feira, 12 de agosto de 2020
  :
  :Processando todos os e-mails...
------------------------------------

Log Entrada : 12:30:04 quarta-feira, 12 de agosto de 2020
  :
  :Atualizando pasta: Enviados Qtd itens:684
------------------------------------

Log Entrada : 12:30:14 quarta-feira, 12 de agosto de 2020
  :
  :Atualizando pasta: Recebidos Qtd itens:7887
------------------------------------

Log Entrada : 12:32:29 quarta-feira, 12 de agosto de 2020
  :
  :Atualizando pasta: Caixa de Entrada Qtd itens:1070
------------------------------------

Log Entrada : 12:32:37 quarta-feira, 12 de agosto de 2020
  :
  :Atualizando pasta: Itens Enviados Qtd itens:350
------------------------------------

Log Entrada : 12:32:40 quarta-feira, 12 de agosto de 2020
  :
  :Total de e-mails processados:9646
------------------------------------

Log Entrada : 12:30:04 quinta-feira, 13 de agosto de 2020
  :
  :Atualizando indice...
------------------------------------

Log Entrada : 12:30:05 quinta-feira, 13 de agosto de 2020
  :
  :Processando todos os e-mails...
------------------------------------

Log Entrada : 12:30:05 quinta-feira, 13 de agosto de 2020
  :
  :Atualizando pasta: Caixa de Entrada Qtd itens:1070
------------------------------------

Log Entrada : 12:30:15 quinta-feira, 13 de agosto de 2020
  :
  :Atualizando pasta: Itens Enviados Qtd itens:352
------------------------------------

Log Entrada : 12:30:19 quinta-feira, 13 de agosto de 2020
  :
  :Atualizando pasta: Enviados Qtd itens:684
------------------------------------

Log Entrada : 12:30:28 quinta-feira, 13 de agosto de 2020
  :
  :Atualizando pasta: Recebidos Qtd itens:7887
------------------------------------

Log Entrada : 12:32:41 quinta-feira, 13 de agosto de 2020
  :
  :Total de e-mails processados:9531
------------------------------------

Log Entrada : 12:30:04 sexta-feira, 14 de agosto de 2020
  :
  :Atualizando indice...
------------------------------------

Log Entrada : 12:30:05 sexta-feira, 14 de agosto de 2020
  :
  :Processando todos os e-mails...
------------------------------------

Log Entrada : 12:30:05 sexta-feira, 14 de agosto de 2020
  :
  :Atualizando pasta: Enviados Qtd itens:684
------------------------------------

Log Entrada : 12:30:15 sexta-feira, 14 de agosto de 2020
  :
  :Atualizando pasta: Recebidos Qtd itens:7887
------------------------------------

Log Entrada : 12:32:30 sexta-feira, 14 de agosto de 2020
  :
  :Atualizando pasta: Caixa de Entrada Qtd itens:1240
------------------------------------

Log Entrada : 12:32:38 sexta-feira, 14 de agosto de 2020
  :
  :Atualizando pasta: Itens Enviados Qtd itens:88
------------------------------------

Log Entrada : 12:32:39 sexta-feira, 14 de agosto de 2020
  :
  :Total de e-mails processados:9959
------------------------------------

Log Entrada : 12:30:03 segunda-feira, 17 de agosto de 2020
  :
  :Atualizando indice...
------------------------------------

Log Entrada : 12:30:03 segunda-feira, 17 de agosto de 2020
  :
  :Processando todos os e-mails...
------------------------------------

Log Entrada : 12:30:04 segunda-feira, 17 de agosto de 2020
  :
  :Atualizando pasta: Enviados Qtd itens:684
------------------------------------

Log Entrada : 12:30:13 segunda-feira, 17 de agosto de 2020
  :
  :Atualizando pasta: Recebidos Qtd itens:7887
------------------------------------

Log Entrada : 12:32:25 segunda-feira, 17 de agosto de 2020
  :
  :Atualizando pasta: Caixa de Entrada Qtd itens:1159
------------------------------------

Log Entrada : 12:32:32 segunda-feira, 17 de agosto de 2020
  :
  :Atualizando pasta: Itens Enviados Qtd itens:370
------------------------------------

Log Entrada : 12:32:35 segunda-feira, 17 de agosto de 2020
  :
  :Total de e-mails processados:10099
------------------------------------

Log Entrada : 12:30:03 terça-feira, 18 de agosto de 2020
  :
  :Atualizando indice...
------------------------------------

Log Entrada : 12:30:04 terça-feira, 18 de agosto de 2020
  :
  :Processando todos os e-mails...
------------------------------------

Log Entrada : 12:30:04 terça-feira, 18 de agosto de 2020
  :
  :Atualizando pasta: Enviados Qtd itens:684
------------------------------------

Log Entrada : 12:30:14 terça-feira, 18 de agosto de 2020
  :
  :Atualizando pasta: Recebidos Qtd itens:7887
------------------------------------

Log Entrada : 12:32:24 terça-feira, 18 de agosto de 2020
  :
  :Atualizando pasta: Caixa de Entrada Qtd itens:1172
------------------------------------

Log Entrada : 12:32:31 terça-feira, 18 de agosto de 2020
  :
  :Atualizando pasta: Itens Enviados Qtd itens:378
------------------------------------

Log Entrada : 12:32:34 terça-feira, 18 de agosto de 2020
  :
  :Total de e-mails processados:9772
------------------------------------

Log Entrada : 12:30:02 quarta-feira, 19 de agosto de 2020
  :
  :Atualizando indice...
------------------------------------

Log Entrada : 12:30:02 quarta-feira, 19 de agosto de 2020
  :
  :Processando todos os e-mails...
------------------------------------

Log Entrada : 12:30:02 quarta-feira, 19 de agosto de 2020
  :
  :Atualizando pasta: Enviados Qtd itens:684
------------------------------------

Log Entrada : 12:30:07 quarta-feira, 19 de agosto de 2020
  :
  :Atualizando pasta: Recebidos Qtd itens:7887
------------------------------------

Log Entrada : 12:31:14 quarta-feira, 19 de agosto de 2020
  :
  :Atualizando pasta: Caixa de Entrada Qtd itens:1190
------------------------------------

Log Entrada : 12:31:21 quarta-feira, 19 de agosto de 2020
  :
  :Atualizando pasta: Itens Enviados Qtd itens:399
------------------------------------

Log Entrada : 12:31:23 quarta-feira, 19 de agosto de 2020
  :
  :Total de e-mails processados:9906
------------------------------------

Log Entrada : 12:30:03 quinta-feira, 20 de agosto de 2020
  :
  :Atualizando indice...
------------------------------------

Log Entrada : 12:30:03 quinta-feira, 20 de agosto de 2020
  :
  :Processando todos os e-mails...
------------------------------------

Log Entrada : 12:30:04 quinta-feira, 20 de agosto de 2020
  :
  :Atualizando pasta: Caixa de Entrada Qtd itens:1209
------------------------------------

Log Entrada : 12:30:14 quinta-feira, 20 de agosto de 2020
  :
  :Atualizando pasta: Itens Enviados Qtd itens:402
------------------------------------

Log Entrada : 12:30:17 quinta-feira, 20 de agosto de 2020
  :
  :Atualizando pasta: Enviados Qtd itens:684
------------------------------------

Log Entrada : 12:30:27 quinta-feira, 20 de agosto de 2020
  :
  :Atualizando pasta: Recebidos Qtd itens:7887
------------------------------------

Log Entrada : 12:32:40 quinta-feira, 20 de agosto de 2020
  :
  :Total de e-mails processados:9620
------------------------------------

Log Entrada : 12:30:03 sexta-feira, 21 de agosto de 2020
  :
  :Atualizando indice...
------------------------------------

Log Entrada : 12:30:04 sexta-feira, 21 de agosto de 2020
  :
  :Processando todos os e-mails...
------------------------------------

Log Entrada : 12:30:04 sexta-feira, 21 de agosto de 2020
  :
  :Atualizando pasta: Caixa de Entrada Qtd itens:1214
------------------------------------

Log Entrada : 12:30:15 sexta-feira, 21 de agosto de 2020
  :
  :Atualizando pasta: Itens Enviados Qtd itens:407
------------------------------------

Log Entrada : 12:30:18 sexta-feira, 21 de agosto de 2020
  :
  :Atualizando pasta: Enviados Qtd itens:684
------------------------------------

Log Entrada : 12:30:28 sexta-feira, 21 de agosto de 2020
  :
  :Atualizando pasta: Recebidos Qtd itens:7887
------------------------------------

Log Entrada : 12:32:42 sexta-feira, 21 de agosto de 2020
  :
  :Total de e-mails processados:8418
------------------------------------

Log Entrada : 12:30:05 terça-feira, 25 de agosto de 2020
  :
  :Atualizando indice...
------------------------------------

Log Entrada : 12:30:05 terça-feira, 25 de agosto de 2020
  :
  :Processando todos os e-mails...
------------------------------------

Log Entrada : 12:30:05 terça-feira, 25 de agosto de 2020
  :
  :Atualizando pasta: Enviados Qtd itens:684
------------------------------------

Log Entrada : 12:30:13 terça-feira, 25 de agosto de 2020
  :
  :Atualizando pasta: Recebidos Qtd itens:7887
------------------------------------

Log Entrada : 12:32:22 terça-feira, 25 de agosto de 2020
  :
  :Atualizando pasta: Caixa de Entrada Qtd itens:1268
------------------------------------

Log Entrada : 12:32:32 terça-feira, 25 de agosto de 2020
  :
  :Atualizando pasta: Itens Enviados Qtd itens:420
------------------------------------

Log Entrada : 12:32:35 terça-feira, 25 de agosto de 2020
  :
  :Total de e-mails processados:8746
------------------------------------

Log Entrada : 12:30:02 quinta-feira, 27 de agosto de 2020
  :
  :Atualizando indice...
------------------------------------

Log Entrada : 12:30:03 quinta-feira, 27 de agosto de 2020
  :
  :Processando todos os e-mails...
------------------------------------

Log Entrada : 12:30:04 quinta-feira, 27 de agosto de 2020
  :
  :Atualizando pasta: Caixa de Entrada Qtd itens:1326
------------------------------------

Log Entrada : 12:30:16 quinta-feira, 27 de agosto de 2020
  :
  :Atualizando pasta: Itens Enviados Qtd itens:426
------------------------------------

Log Entrada : 12:30:20 quinta-feira, 27 de agosto de 2020
  :
  :Atualizando pasta: Enviados Qtd itens:684
------------------------------------

Log Entrada : 12:30:28 quinta-feira, 27 de agosto de 2020
  :
  :Atualizando pasta: Recebidos Qtd itens:7887
------------------------------------

Log Entrada : 12:32:27 quinta-feira, 27 de agosto de 2020
  :
  :Total de e-mails processados:7505
------------------------------------

Log Entrada : 12:30:03 sexta-feira, 28 de agosto de 2020
  :
  :Atualizando indice...
------------------------------------

Log Entrada : 12:30:03 sexta-feira, 28 de agosto de 2020
  :
  :Processando todos os e-mails...
------------------------------------

Log Entrada : 12:30:03 sexta-feira, 28 de agosto de 2020
  :
  :Atualizando pasta: Caixa de Entrada Qtd itens:1361
------------------------------------

Log Entrada : 12:30:14 sexta-feira, 28 de agosto de 2020
  :
  :Atualizando pasta: Itens Enviados Qtd itens:439
------------------------------------

Log Entrada : 12:30:19 sexta-feira, 28 de agosto de 2020
  :
  :Atualizando pasta: Enviados Qtd itens:684
------------------------------------

Log Entrada : 12:30:29 sexta-feira, 28 de agosto de 2020
  :
  :Atualizando pasta: Recebidos Qtd itens:7887
------------------------------------

Log Entrada : 12:32:41 sexta-feira, 28 de agosto de 2020
  :
  :Total de e-mails processados:8433
------------------------------------

Log Entrada : 12:30:04 segunda-feira, 31 de agosto de 2020
  :
  :Atualizando indice...
------------------------------------

Log Entrada : 12:30:04 segunda-feira, 31 de agosto de 2020
  :
  :Processando todos os e-mails...
------------------------------------

Log Entrada : 12:30:07 segunda-feira, 31 de agosto de 2020
  :
  :Atualizando pasta: Caixa de Entrada Qtd itens:1369
------------------------------------

Log Entrada : 12:30:19 segunda-feira, 31 de agosto de 2020
  :
  :Atualizando pasta: Itens Enviados Qtd itens:449
------------------------------------

Log Entrada : 12:30:23 segunda-feira, 31 de agosto de 2020
  :
  :Atualizando pasta: Enviados Qtd itens:684
------------------------------------

Log Entrada : 12:30:32 segunda-feira, 31 de agosto de 2020
  :
  :Atualizando pasta: Recebidos Qtd itens:7887
------------------------------------

Log Entrada : 12:32:54 segunda-feira, 31 de agosto de 2020
  :
  :Total de e-mails processados:9975
------------------------------------

Log Entrada : 12:30:03 terça-feira, 1 de setembro de 2020
  :
  :Atualizando indice...
------------------------------------

Log Entrada : 12:30:04 terça-feira, 1 de setembro de 2020
  :
  :Processando todos os e-mails...
------------------------------------

Log Entrada : 12:30:06 terça-feira, 1 de setembro de 2020
  :
  :Atualizando pasta: Caixa de Entrada Qtd itens:1403
------------------------------------

Log Entrada : 12:30:20 terça-feira, 1 de setembro de 2020
  :
  :Atualizando pasta: Itens Enviados Qtd itens:449
------------------------------------

Log Entrada : 12:30:26 terça-feira, 1 de setembro de 2020
  :
  :Atualizando pasta: Enviados Qtd itens:684
------------------------------------

Log Entrada : 12:30:35 terça-feira, 1 de setembro de 2020
  :
  :Atualizando pasta: Recebidos Qtd itens:7887
------------------------------------

Log Entrada : 12:32:42 terça-feira, 1 de setembro de 2020
  :
  :Total de e-mails processados:8649
------------------------------------

Log Entrada : 12:30:02 quarta-feira, 2 de setembro de 2020
  :
  :Atualizando indice...
------------------------------------

Log Entrada : 12:30:02 quarta-feira, 2 de setembro de 2020
  :
  :Processando todos os e-mails...
------------------------------------

Log Entrada : 12:30:02 quarta-feira, 2 de setembro de 2020
  :
  :Atualizando pasta: Caixa de Entrada Qtd itens:1523
------------------------------------

Log Entrada : 12:30:16 quarta-feira, 2 de setembro de 2020
  :
  :Atualizando pasta: Itens Enviados Qtd itens:470
------------------------------------

Log Entrada : 12:30:20 quarta-feira, 2 de setembro de 2020
  :
  :Atualizando pasta: Enviados Qtd itens:684
------------------------------------

Log Entrada : 12:30:30 quarta-feira, 2 de setembro de 2020
  :
  :Atualizando pasta: Recebidos Qtd itens:7887
------------------------------------

Log Entrada : 12:32:37 quarta-feira, 2 de setembro de 2020
  :
  :Total de e-mails processados:8453
------------------------------------

Log Entrada : 12:30:15 quinta-feira, 3 de setembro de 2020
  :
  :Atualizando indice...
------------------------------------

Log Entrada : 12:30:15 quinta-feira, 3 de setembro de 2020
  :
  :Processando todos os e-mails...
------------------------------------

Log Entrada : 12:30:17 quinta-feira, 3 de setembro de 2020
  :
  :Atualizando pasta: Caixa de Entrada Qtd itens:1579
------------------------------------

Log Entrada : 12:30:37 quinta-feira, 3 de setembro de 2020
  :
  :Atualizando pasta: Itens Enviados Qtd itens:475
------------------------------------

Log Entrada : 12:30:42 quinta-feira, 3 de setembro de 2020
  :
  :Atualizando pasta: Enviados Qtd itens:684
------------------------------------

Log Entrada : 12:30:53 quinta-feira, 3 de setembro de 2020
  :
  :Atualizando pasta: Recebidos Qtd itens:7887
------------------------------------

Log Entrada : 12:33:08 quinta-feira, 3 de setembro de 2020
  :
  :Total de e-mails processados:9641
------------------------------------

Log Entrada : 12:30:04 sexta-feira, 4 de setembro de 2020
  :
  :Atualizando indice...
------------------------------------

Log Entrada : 12:30:04 sexta-feira, 4 de setembro de 2020
  :
  :Processando todos os e-mails...
------------------------------------

Log Entrada : 12:30:04 sexta-feira, 4 de setembro de 2020
  :
  :Atualizando pasta: Caixa de Entrada Qtd itens:1594
------------------------------------

Log Entrada : 12:30:18 sexta-feira, 4 de setembro de 2020
  :
  :Atualizando pasta: Itens Enviados Qtd itens:475
------------------------------------

Log Entrada : 12:30:22 sexta-feira, 4 de setembro de 2020
  :
  :Atualizando pasta: Enviados Qtd itens:684
------------------------------------

Log Entrada : 12:30:31 sexta-feira, 4 de setembro de 2020
  :
  :Atualizando pasta: Recebidos Qtd itens:7887
------------------------------------

Log Entrada : 12:32:34 sexta-feira, 4 de setembro de 2020
  :
  :Total de e-mails processados:8359
------------------------------------

Log Entrada : 12:30:05 terça-feira, 8 de setembro de 2020
  :
  :Atualizando indice...
------------------------------------

Log Entrada : 12:30:06 terça-feira, 8 de setembro de 2020
  :
  :Processando todos os e-mails...
------------------------------------

Log Entrada : 12:30:09 terça-feira, 8 de setembro de 2020
  :
  :Atualizando pasta: Caixa de Entrada Qtd itens:1619
------------------------------------

Log Entrada : 12:30:24 terça-feira, 8 de setembro de 2020
  :
  :Atualizando pasta: Itens Enviados Qtd itens:485
------------------------------------

Log Entrada : 12:30:29 terça-feira, 8 de setembro de 2020
  :
  :Atualizando pasta: Enviados Qtd itens:684
------------------------------------

Log Entrada : 12:30:41 terça-feira, 8 de setembro de 2020
  :
  :Atualizando pasta: Recebidos Qtd itens:7887
------------------------------------

Log Entrada : 12:32:55 terça-feira, 8 de setembro de 2020
  :
  :Total de e-mails processados:10676
------------------------------------

Log Entrada : 10:46:41 quarta-feira, 9 de setembro de 2020
  :
  :erro:O inicializador de tipo de 'outlook.Program' acionou uma exceção.   em outlook.Program.Main(String[] args) na D:\Projetos\outlook\Program.cs:linha 48System.Runtime.InteropServices.COMException (0x800401E3): Operação não disponível (Exceção de HRESULT: 0x800401E3 (MK_E_UNAVAILABLE))
   em System.Runtime.InteropServices.Marshal.GetActiveObject(Guid& rclsid, IntPtr reserved, Object& ppunk)
   em System.Runtime.InteropServices.Marshal.GetActiveObject(String progID)
   em outlook.EmailSearch.GetApplicationObject() na D:\Projetos\outlook\EmailSearch.cs:linha 40
   em outlook.EmailSearch..ctor() na D:\Projetos\outlook\EmailSearch.cs:linha 26
   em outlook.Program..cctor() na D:\Projetos\outlook\Program.cs:linha 10
------------------------------------

Log Entrada : 10:46:45 quarta-feira, 9 de setembro de 2020
  :
  :erro:O inicializador de tipo de 'outlook.Program' acionou uma exceção.   em outlook.Program.Main(String[] args) na D:\Projetos\outlook\Program.cs:linha 48System.Runtime.InteropServices.COMException (0x800401E3): Operação não disponível (Exceção de HRESULT: 0x800401E3 (MK_E_UNAVAILABLE))
   em System.Runtime.InteropServices.Marshal.GetActiveObject(Guid& rclsid, IntPtr reserved, Object& ppunk)
   em System.Runtime.InteropServices.Marshal.GetActiveObject(String progID)
   em outlook.EmailSearch.GetApplicationObject() na D:\Projetos\outlook\EmailSearch.cs:linha 40
   em outlook.EmailSearch..ctor() na D:\Projetos\outlook\EmailSearch.cs:linha 26
   em outlook.Program..cctor() na D:\Projetos\outlook\Program.cs:linha 10
------------------------------------

Log Entrada : 12:30:02 quarta-feira, 9 de setembro de 2020
  :
  :Atualizando indice...
------------------------------------

Log Entrada : 12:30:02 quarta-feira, 9 de setembro de 2020
  :
  :Processando todos os e-mails...
------------------------------------

Log Entrada : 12:30:05 quarta-feira, 9 de setembro de 2020
  :
  :Atualizando pasta: Caixa de Entrada Qtd itens:1709
------------------------------------

Log Entrada : 12:30:19 quarta-feira, 9 de setembro de 2020
  :
  :Atualizando pasta: Itens Enviados Qtd itens:497
------------------------------------

Log Entrada : 12:30:23 quarta-feira, 9 de setembro de 2020
  :
  :Atualizando pasta: Enviados Qtd itens:684
------------------------------------

Log Entrada : 12:30:32 quarta-feira, 9 de setembro de 2020
  :
  :Atualizando pasta: Recebidos Qtd itens:7887
------------------------------------

Log Entrada : 12:32:28 quarta-feira, 9 de setembro de 2020
  :
  :Total de e-mails processados:7310
------------------------------------

Log Entrada : 12:30:04 quinta-feira, 10 de setembro de 2020
  :
  :Atualizando indice...
------------------------------------

Log Entrada : 12:30:04 quinta-feira, 10 de setembro de 2020
  :
  :Processando todos os e-mails...
------------------------------------

Log Entrada : 12:30:04 quinta-feira, 10 de setembro de 2020
  :
  :Atualizando pasta: Caixa de Entrada Qtd itens:1725
------------------------------------

Log Entrada : 12:30:21 quinta-feira, 10 de setembro de 2020
  :
  :Atualizando pasta: Itens Enviados Qtd itens:507
------------------------------------

Log Entrada : 12:30:27 quinta-feira, 10 de setembro de 2020
  :
  :Atualizando pasta: Enviados Qtd itens:684
------------------------------------

Log Entrada : 12:30:37 quinta-feira, 10 de setembro de 2020
  :
  :Atualizando pasta: Recebidos Qtd itens:7887
------------------------------------

Log Entrada : 12:32:54 quinta-feira, 10 de setembro de 2020
  :
  :Total de e-mails processados:10359
------------------------------------

Log Entrada : 12:30:02 sexta-feira, 11 de setembro de 2020
  :
  :Atualizando indice...
------------------------------------

Log Entrada : 12:30:03 sexta-feira, 11 de setembro de 2020
  :
  :Processando todos os e-mails...
------------------------------------

Log Entrada : 12:30:04 sexta-feira, 11 de setembro de 2020
  :
  :Atualizando pasta: Caixa de Entrada Qtd itens:1791
------------------------------------

Log Entrada : 12:30:19 sexta-feira, 11 de setembro de 2020
  :
  :Atualizando pasta: Itens Enviados Qtd itens:513
------------------------------------

Log Entrada : 12:30:24 sexta-feira, 11 de setembro de 2020
  :
  :Atualizando pasta: Enviados Qtd itens:684
------------------------------------

Log Entrada : 12:30:31 sexta-feira, 11 de setembro de 2020
  :
  :Atualizando pasta: Recebidos Qtd itens:7887
------------------------------------

Log Entrada : 12:32:41 sexta-feira, 11 de setembro de 2020
  :
  :Total de e-mails processados:10369
------------------------------------

Log Entrada : 12:30:03 segunda-feira, 14 de setembro de 2020
  :
  :Atualizando indice...
------------------------------------

Log Entrada : 12:30:03 segunda-feira, 14 de setembro de 2020
  :
  :Processando todos os e-mails...
------------------------------------

Log Entrada : 12:30:03 segunda-feira, 14 de setembro de 2020
  :
  :Atualizando pasta: Enviados Qtd itens:684
------------------------------------

Log Entrada : 12:30:11 segunda-feira, 14 de setembro de 2020
  :
  :Atualizando pasta: Recebidos Qtd itens:7887
------------------------------------

Log Entrada : 12:32:23 segunda-feira, 14 de setembro de 2020
  :
  :Atualizando pasta: Caixa de Entrada Qtd itens:1827
------------------------------------

Log Entrada : 12:32:38 segunda-feira, 14 de setembro de 2020
  :
  :Atualizando pasta: Itens Enviados Qtd itens:518
------------------------------------

Log Entrada : 12:32:42 segunda-feira, 14 de setembro de 2020
  :
  :Total de e-mails processados:9351
------------------------------------

Log Entrada : 12:30:02 terça-feira, 15 de setembro de 2020
  :
  :Atualizando indice...
------------------------------------

Log Entrada : 12:30:02 terça-feira, 15 de setembro de 2020
  :
  :Processando todos os e-mails...
------------------------------------

Log Entrada : 12:30:03 terça-feira, 15 de setembro de 2020
  :
  :Atualizando pasta: Caixa de Entrada Qtd itens:1861
------------------------------------

Log Entrada : 12:30:18 terça-feira, 15 de setembro de 2020
  :
  :Atualizando pasta: Itens Enviados Qtd itens:557
------------------------------------

Log Entrada : 12:30:24 terça-feira, 15 de setembro de 2020
  :
  :Atualizando pasta: Enviados Qtd itens:684
------------------------------------

Log Entrada : 12:30:33 terça-feira, 15 de setembro de 2020
  :
  :Atualizando pasta: Recebidos Qtd itens:7887
------------------------------------

Log Entrada : 12:32:41 terça-feira, 15 de setembro de 2020
  :
  :Total de e-mails processados:10238
------------------------------------

Log Entrada : 12:30:02 quarta-feira, 16 de setembro de 2020
  :
  :Atualizando indice...
------------------------------------

Log Entrada : 12:30:02 quarta-feira, 16 de setembro de 2020
  :
  :Processando todos os e-mails...
------------------------------------

Log Entrada : 12:30:03 quarta-feira, 16 de setembro de 2020
  :
  :Atualizando pasta: Enviados Qtd itens:684
------------------------------------

Log Entrada : 12:30:12 quarta-feira, 16 de setembro de 2020
  :
  :Atualizando pasta: Recebidos Qtd itens:7887
------------------------------------

Log Entrada : 12:32:27 quarta-feira, 16 de setembro de 2020
  :
  :Atualizando pasta: Caixa de Entrada Qtd itens:1908
------------------------------------

Log Entrada : 12:32:42 quarta-feira, 16 de setembro de 2020
  :
  :Atualizando pasta: Itens Enviados Qtd itens:629
------------------------------------

Log Entrada : 12:32:48 quarta-feira, 16 de setembro de 2020
  :
  :Total de e-mails processados:9571
------------------------------------

Log Entrada : 12:30:02 quinta-feira, 17 de setembro de 2020
  :
  :Atualizando indice...
------------------------------------

Log Entrada : 12:30:02 quinta-feira, 17 de setembro de 2020
  :
  :Processando todos os e-mails...
------------------------------------

Log Entrada : 12:30:02 quinta-feira, 17 de setembro de 2020
  :
  :Atualizando pasta: Caixa de Entrada Qtd itens:1962
------------------------------------

Log Entrada : 12:30:19 quinta-feira, 17 de setembro de 2020
  :
  :Atualizando pasta: Itens Enviados Qtd itens:635
------------------------------------

Log Entrada : 12:30:24 quinta-feira, 17 de setembro de 2020
  :
  :Atualizando pasta: Enviados Qtd itens:684
------------------------------------

Log Entrada : 12:30:32 quinta-feira, 17 de setembro de 2020
  :
  :Atualizando pasta: Recebidos Qtd itens:7887
------------------------------------

Log Entrada : 12:32:35 quinta-feira, 17 de setembro de 2020
  :
  :Total de e-mails processados:9214
------------------------------------

Log Entrada : 12:30:02 sexta-feira, 18 de setembro de 2020
  :
  :Atualizando indice...
------------------------------------

Log Entrada : 12:30:02 sexta-feira, 18 de setembro de 2020
  :
  :Processando todos os e-mails...
------------------------------------

Log Entrada : 12:30:03 sexta-feira, 18 de setembro de 2020
  :
  :Atualizando pasta: Enviados Qtd itens:684
------------------------------------

Log Entrada : 12:30:12 sexta-feira, 18 de setembro de 2020
  :
  :Atualizando pasta: Recebidos Qtd itens:7887
------------------------------------

Log Entrada : 12:32:19 sexta-feira, 18 de setembro de 2020
  :
  :Atualizando pasta: Caixa de Entrada Qtd itens:1998
------------------------------------

Log Entrada : 12:32:34 sexta-feira, 18 de setembro de 2020
  :
  :Atualizando pasta: Itens Enviados Qtd itens:646
------------------------------------

Log Entrada : 12:32:40 sexta-feira, 18 de setembro de 2020
  :
  :Total de e-mails processados:9302
------------------------------------

Log Entrada : 12:30:02 segunda-feira, 21 de setembro de 2020
  :
  :Atualizando indice...
------------------------------------

Log Entrada : 12:30:03 segunda-feira, 21 de setembro de 2020
  :
  :Processando todos os e-mails...
------------------------------------

Log Entrada : 12:30:03 segunda-feira, 21 de setembro de 2020
  :
  :Atualizando pasta: Caixa de Entrada Qtd itens:754
------------------------------------

Log Entrada : 12:30:07 segunda-feira, 21 de setembro de 2020
  :
  :Atualizando pasta: Itens Enviados Qtd itens:660
------------------------------------

Log Entrada : 12:30:11 segunda-feira, 21 de setembro de 2020
  :
  :Atualizando pasta: Enviados Qtd itens:684
------------------------------------

Log Entrada : 12:30:18 segunda-feira, 21 de setembro de 2020
  :
  :Atualizando pasta: Recebidos Qtd itens:9172
------------------------------------

Log Entrada : 12:32:25 segunda-feira, 21 de setembro de 2020
  :
  :Total de e-mails processados:9545
------------------------------------

Log Entrada : 12:30:02 terça-feira, 22 de setembro de 2020
  :
  :Atualizando indice...
------------------------------------

Log Entrada : 12:30:03 terça-feira, 22 de setembro de 2020
  :
  :Processando todos os e-mails...
------------------------------------

Log Entrada : 12:30:03 terça-feira, 22 de setembro de 2020
  :
  :Atualizando pasta: Caixa de Entrada Qtd itens:803
------------------------------------

Log Entrada : 12:30:09 terça-feira, 22 de setembro de 2020
  :
  :Atualizando pasta: Itens Enviados Qtd itens:666
------------------------------------

Log Entrada : 12:30:14 terça-feira, 22 de setembro de 2020
  :
  :Atualizando pasta: Enviados Qtd itens:684
------------------------------------

Log Entrada : 12:30:23 terça-feira, 22 de setembro de 2020
  :
  :Atualizando pasta: Recebidos Qtd itens:9172
------------------------------------

Log Entrada : 12:33:01 terça-feira, 22 de setembro de 2020
  :
  :Total de e-mails processados:11321
------------------------------------

Log Entrada : 12:30:02 quarta-feira, 23 de setembro de 2020
  :
  :Atualizando indice...
------------------------------------

Log Entrada : 12:30:03 quarta-feira, 23 de setembro de 2020
  :
  :Processando todos os e-mails...
------------------------------------

Log Entrada : 12:30:03 quarta-feira, 23 de setembro de 2020
  :
  :Atualizando pasta: Caixa de Entrada Qtd itens:841
------------------------------------

Log Entrada : 12:30:09 quarta-feira, 23 de setembro de 2020
  :
  :Atualizando pasta: Itens Enviados Qtd itens:694
------------------------------------

Log Entrada : 12:30:13 quarta-feira, 23 de setembro de 2020
  :
  :Atualizando pasta: Enviados Qtd itens:684
------------------------------------

Log Entrada : 12:30:23 quarta-feira, 23 de setembro de 2020
  :
  :Atualizando pasta: Recebidos Qtd itens:9172
------------------------------------

Log Entrada : 12:33:00 quarta-feira, 23 de setembro de 2020
  :
  :Total de e-mails processados:9504
------------------------------------

Log Entrada : 12:30:03 quinta-feira, 24 de setembro de 2020
  :
  :Atualizando indice...
------------------------------------

Log Entrada : 12:30:03 quinta-feira, 24 de setembro de 2020
  :
  :Processando todos os e-mails...
------------------------------------

Log Entrada : 12:30:03 quinta-feira, 24 de setembro de 2020
  :
  :Atualizando pasta: Caixa de Entrada Qtd itens:883
------------------------------------

Log Entrada : 12:30:10 quinta-feira, 24 de setembro de 2020
  :
  :Atualizando pasta: Itens Enviados Qtd itens:702
------------------------------------

Log Entrada : 12:30:16 quinta-feira, 24 de setembro de 2020
  :
  :Atualizando pasta: Enviados Qtd itens:684
------------------------------------

Log Entrada : 12:30:24 quinta-feira, 24 de setembro de 2020
  :
  :Atualizando pasta: Recebidos Qtd itens:9172
------------------------------------

Log Entrada : 12:33:02 quinta-feira, 24 de setembro de 2020
  :
  :Total de e-mails processados:10949
------------------------------------

Log Entrada : 12:30:02 sexta-feira, 25 de setembro de 2020
  :
  :Atualizando indice...
------------------------------------

Log Entrada : 12:30:03 sexta-feira, 25 de setembro de 2020
  :
  :Processando todos os e-mails...
------------------------------------

Log Entrada : 12:30:03 sexta-feira, 25 de setembro de 2020
  :
  :Atualizando pasta: Caixa de Entrada Qtd itens:933
------------------------------------

Log Entrada : 12:30:10 sexta-feira, 25 de setembro de 2020
  :
  :Atualizando pasta: Itens Enviados Qtd itens:712
------------------------------------

Log Entrada : 12:30:15 sexta-feira, 25 de setembro de 2020
  :
  :Atualizando pasta: Enviados Qtd itens:684
------------------------------------

Log Entrada : 12:30:23 sexta-feira, 25 de setembro de 2020
  :
  :Atualizando pasta: Recebidos Qtd itens:9172
------------------------------------

Log Entrada : 12:32:47 sexta-feira, 25 de setembro de 2020
  :
  :Total de e-mails processados:10933
------------------------------------

Log Entrada : 12:30:02 segunda-feira, 28 de setembro de 2020
  :
  :Atualizando indice...
------------------------------------

Log Entrada : 12:30:03 segunda-feira, 28 de setembro de 2020
  :
  :Processando todos os e-mails...
------------------------------------

Log Entrada : 12:30:03 segunda-feira, 28 de setembro de 2020
  :
  :Atualizando pasta: Caixa de Entrada Qtd itens:966
------------------------------------

Log Entrada : 12:30:12 segunda-feira, 28 de setembro de 2020
  :
  :Atualizando pasta: Itens Enviados Qtd itens:725
------------------------------------

Log Entrada : 12:30:18 segunda-feira, 28 de setembro de 2020
  :
  :Atualizando pasta: Enviados Qtd itens:684
------------------------------------

Log Entrada : 12:30:26 segunda-feira, 28 de setembro de 2020
  :
  :Atualizando pasta: Recebidos Qtd itens:9172
------------------------------------

Log Entrada : 12:32:56 segunda-feira, 28 de setembro de 2020
  :
  :Total de e-mails processados:10865
------------------------------------

Log Entrada : 07:45:23 quarta-feira, 30 de setembro de 2020
  :
  :Atualizando indice...
------------------------------------

Log Entrada : 07:45:23 quarta-feira, 30 de setembro de 2020
  :
  :Processando todos os e-mails...
------------------------------------

Log Entrada : 07:45:25 quarta-feira, 30 de setembro de 2020
  :
  :Atualizando pasta: Enviados Qtd itens:684
------------------------------------

Log Entrada : 07:46:03 quarta-feira, 30 de setembro de 2020
  :
  :Atualizando pasta: Recebidos Qtd itens:9172
------------------------------------

Log Entrada : 12:30:02 quarta-feira, 30 de setembro de 2020
  :
  :Atualizando indice...
------------------------------------

Log Entrada : 12:30:02 quarta-feira, 30 de setembro de 2020
  :
  :Processando todos os e-mails...
------------------------------------

Log Entrada : 12:30:02 quarta-feira, 30 de setembro de 2020
  :
  :Atualizando pasta: Caixa de Entrada Qtd itens:1093
------------------------------------

Log Entrada : 12:30:10 quarta-feira, 30 de setembro de 2020
  :
  :erro:Falha na operação. As interfaces para troca de mensagens retornaram um erro desconhecido. Se o problema persistir, reinicie o Outlook.   em Microsoft.Office.Interop.Outlook._Items.get_Count()
   em outlook.EmailSearch.GravarEmailPorPastas(Folder folder, TiposProcessamentos tiposProcessamentos) na D:\Projetos\outlook\EmailSearch.cs:linha 88
   em outlook.EmailSearch.Indexar(TiposProcessamentos tiposProcessamentos) na D:\Projetos\outlook\EmailSearch.cs:linha 70
   em outlook.Program.Main(String[] args) na D:\Projetos\outlook\Program.cs:linha 24
------------------------------------

Log Entrada : 12:30:02 quinta-feira, 1 de outubro de 2020
  :
  :Atualizando indice...
------------------------------------

Log Entrada : 12:30:02 quinta-feira, 1 de outubro de 2020
  :
  :Processando todos os e-mails...
------------------------------------

Log Entrada : 12:30:03 quinta-feira, 1 de outubro de 2020
  :
  :Atualizando pasta: Caixa de Entrada Qtd itens:1142
------------------------------------

Log Entrada : 12:30:14 quinta-feira, 1 de outubro de 2020
  :
  :Atualizando pasta: Itens Enviados Qtd itens:763
------------------------------------

Log Entrada : 12:30:24 quinta-feira, 1 de outubro de 2020
  :
  :Atualizando pasta: Enviados Qtd itens:684
------------------------------------

Log Entrada : 12:30:35 quinta-feira, 1 de outubro de 2020
  :
  :Atualizando pasta: Recebidos Qtd itens:9172
------------------------------------

Log Entrada : 12:33:19 quinta-feira, 1 de outubro de 2020
  :
  :Total de e-mails processados:9971
------------------------------------

Log Entrada : 12:30:02 sexta-feira, 2 de outubro de 2020
  :
  :Atualizando indice...
------------------------------------

Log Entrada : 12:30:03 sexta-feira, 2 de outubro de 2020
  :
  :Processando todos os e-mails...
------------------------------------

Log Entrada : 12:30:03 sexta-feira, 2 de outubro de 2020
  :
  :Atualizando pasta: Caixa de Entrada Qtd itens:1199
------------------------------------

Log Entrada : 12:30:11 sexta-feira, 2 de outubro de 2020
  :
  :Atualizando pasta: Itens Enviados Qtd itens:782
------------------------------------

Log Entrada : 12:30:15 sexta-feira, 2 de outubro de 2020
  :
  :Atualizando pasta: Enviados Qtd itens:684
------------------------------------

Log Entrada : 12:30:24 sexta-feira, 2 de outubro de 2020
  :
  :Atualizando pasta: Recebidos Qtd itens:9172
------------------------------------

Log Entrada : 12:32:55 sexta-feira, 2 de outubro de 2020
  :
  :Total de e-mails processados:10969
------------------------------------

Log Entrada : 12:30:02 segunda-feira, 5 de outubro de 2020
  :
  :Atualizando indice...
------------------------------------

Log Entrada : 12:30:02 segunda-feira, 5 de outubro de 2020
  :
  :Processando todos os e-mails...
------------------------------------

Log Entrada : 12:30:03 segunda-feira, 5 de outubro de 2020
  :
  :Atualizando pasta: Enviados Qtd itens:684
------------------------------------

Log Entrada : 12:30:09 segunda-feira, 5 de outubro de 2020
  :
  :Atualizando pasta: Recebidos Qtd itens:9172
------------------------------------

Log Entrada : 12:32:35 segunda-feira, 5 de outubro de 2020
  :
  :Atualizando pasta: Caixa de Entrada Qtd itens:1249
------------------------------------

Log Entrada : 12:32:43 segunda-feira, 5 de outubro de 2020
  :
  :Atualizando pasta: Itens Enviados Qtd itens:785
------------------------------------

Log Entrada : 12:32:47 segunda-feira, 5 de outubro de 2020
  :
  :Total de e-mails processados:10827
------------------------------------

Log Entrada : 12:30:02 terça-feira, 6 de outubro de 2020
  :
  :Atualizando indice...
------------------------------------

Log Entrada : 12:30:02 terça-feira, 6 de outubro de 2020
  :
  :Processando todos os e-mails...
------------------------------------

Log Entrada : 12:30:03 terça-feira, 6 de outubro de 2020
  :
  :Atualizando pasta: Caixa de Entrada Qtd itens:1312
------------------------------------

Log Entrada : 12:30:11 terça-feira, 6 de outubro de 2020
  :
  :Atualizando pasta: Itens Enviados Qtd itens:800
------------------------------------

Log Entrada : 12:30:17 terça-feira, 6 de outubro de 2020
  :
  :Atualizando pasta: Enviados Qtd itens:684
------------------------------------

Log Entrada : 12:30:26 terça-feira, 6 de outubro de 2020
  :
  :Atualizando pasta: Recebidos Qtd itens:9172
------------------------------------

Log Entrada : 12:32:48 terça-feira, 6 de outubro de 2020
  :
  :Total de e-mails processados:10753
------------------------------------

Log Entrada : 12:30:03 quarta-feira, 7 de outubro de 2020
  :
  :Atualizando indice...
------------------------------------

Log Entrada : 12:30:03 quarta-feira, 7 de outubro de 2020
  :
  :Processando todos os e-mails...
------------------------------------

Log Entrada : 12:30:03 quarta-feira, 7 de outubro de 2020
  :
  :Atualizando pasta: Enviados Qtd itens:684
------------------------------------

Log Entrada : 12:30:12 quarta-feira, 7 de outubro de 2020
  :
  :Atualizando pasta: Recebidos Qtd itens:9172
------------------------------------

Log Entrada : 12:32:42 quarta-feira, 7 de outubro de 2020
  :
  :Atualizando pasta: Caixa de Entrada Qtd itens:1368
------------------------------------

Log Entrada : 12:32:52 quarta-feira, 7 de outubro de 2020
  :
  :Atualizando pasta: Itens Enviados Qtd itens:808
------------------------------------

Log Entrada : 12:32:57 quarta-feira, 7 de outubro de 2020
  :
  :Total de e-mails processados:10894
------------------------------------

Log Entrada : 12:30:02 quinta-feira, 8 de outubro de 2020
  :
  :Atualizando indice...
------------------------------------

Log Entrada : 12:30:02 quinta-feira, 8 de outubro de 2020
  :
  :Processando todos os e-mails...
------------------------------------

Log Entrada : 12:30:03 quinta-feira, 8 de outubro de 2020
  :
  :Atualizando pasta: Caixa de Entrada Qtd itens:1454
------------------------------------

Log Entrada : 12:30:13 quinta-feira, 8 de outubro de 2020
  :
  :Atualizando pasta: Itens Enviados Qtd itens:825
------------------------------------

Log Entrada : 12:30:19 quinta-feira, 8 de outubro de 2020
  :
  :Atualizando pasta: Enviados Qtd itens:684
------------------------------------

Log Entrada : 12:30:27 quinta-feira, 8 de outubro de 2020
  :
  :Atualizando pasta: Recebidos Qtd itens:9172
------------------------------------

Log Entrada : 12:32:58 quinta-feira, 8 de outubro de 2020
  :
  :Total de e-mails processados:1586
------------------------------------
